KioskExample/app/build/intermediates/manifest_merge_blame_file/debug/manifest-merger-blame-debug-report.txt
1<?xml version="1.0" encoding="utf-8"?>
2<manifest xmlns:android="http://schemas.android.com/apk/res/android"
3    package="com.sureshjoshi.android.kioskexample" >
4
5    <uses-sdk
6        android:minSdkVersion="21"
6-->src\main\AndroidManifest.xml
7        android:targetSdkVersion="31" />
7-->src\main\AndroidManifest.xml
8
9    <uses-permission android:name="android.permission.INTERNET" />
9-->src\main\AndroidManifest.xml:5:5-67
9-->src\main\AndroidManifest.xml:5:22-64
10
11    <application
11-->src\main\AndroidManifest.xml:7:5-37:19
12        android:allowBackup="true"
12-->src\main\AndroidManifest.xml:8:9-35
13        android:debuggable="true"
14        android:icon="@mipmap/ic_launcher"
14-->src\main\AndroidManifest.xml:9:9-43
15        android:label="@string/app_name"
15-->src\main\AndroidManifest.xml:10:9-41
16        android:testOnly="true"
17        android:theme="@style/AppTheme" >
17-->src\main\AndroidManifest.xml:11:9-40
18        <activity
18-->src\main\AndroidManifest.xml:12:9-21:20
19            android:name="com.sureshjoshi.android.kioskexample.MainActivity"
19-->src\main\AndroidManifest.xml:13:13-41
20            android:exported="true"
20-->src\main\AndroidManifest.xml:14:13-36
21            android:label="@string/app_name" >
21-->src\main\AndroidManifest.xml:15:13-45
22            <intent-filter>
22-->src\main\AndroidManifest.xml:16:13-20:29
23                <action android:name="android.intent.action.MAIN" />
23-->src\main\AndroidManifest.xml:17:17-69
23-->src\main\AndroidManifest.xml:17:25-66
24
25                <category android:name="android.intent.category.LAUNCHER" />
25-->src\main\AndroidManifest.xml:19:17-77
25-->src\main\AndroidManifest.xml:19:27-74
26            </intent-filter>
27        </activity>
28
29        <receiver
29-->src\main\AndroidManifest.xml:23:9-35:20
30            android:name="com.sureshjoshi.android.kioskexample.AdminReceiver"
30-->src\main\AndroidManifest.xml:24:13-78
31            android:exported="false"
31-->src\main\AndroidManifest.xml:26:13-37
32            android:label="@string/app_name"
32-->src\main\AndroidManifest.xml:25:13-45
33            android:permission="android.permission.BIND_DEVICE_ADMIN" >
33-->src\main\AndroidManifest.xml:27:13-70
34            <meta-data
34-->src\main\AndroidManifest.xml:28:13-30:56
35                android:name="android.app.device_admin"
35-->src\main\AndroidManifest.xml:29:17-56
36                android:resource="@xml/device_admin" />
36-->src\main\AndroidManifest.xml:30:17-53
37
38            <intent-filter>
38-->src\main\AndroidManifest.xml:32:13-34:29
39                <action android:name="android.app.action.DEVICE_ADMIN_ENABLED" />
39-->src\main\AndroidManifest.xml:33:17-82
39-->src\main\AndroidManifest.xml:33:25-79
40            </intent-filter>
41        </receiver>
42    </application>
43
44</manifest>